This is pdfTeXk, Version 3.141592-1.40.3 (Web2C 7.5.6) (format=pdflatex 2009.1.26)  5 JUN 2009 11:38
entering extended mode
 %&-line parsing enabled.
**stud2.tex
(./stud2.tex
LaTeX2e <2005/12/01>
Babel <v3.8h> and hyphenation patterns for english, usenglishmax, dumylang, noh
yphenation, arabic, farsi, croatian, ukrainian, russian, bulgarian, czech, slov
ak, danish, dutch, finnish, basque, french, german, ngerman, ibycus, greek, mon
ogreek, ancientgreek, hungarian, italian, latin, mongolian, norsk, icelandic, i
nterlingua, turkish, coptic, romanian, welsh, serbian, slovenian, estonian, esp
eranto, uppersorbian, indonesian, polish, portuguese, spanish, catalan, galicia
n, swedish, ukenglish, pinyin, loaded.
(/usr/share/texmf-texlive/tex/latex/base/article.cls
Document Class: article 2005/09/16 v1.4f Standard LaTeX document class
(/usr/share/texmf-texlive/tex/latex/base/size12.clo
File: size12.clo 2005/09/16 v1.4f Standard LaTeX file (size option)
)
\c@part=\count79
\c@section=\count80
\c@subsection=\count81
\c@subsubsection=\count82
\c@paragraph=\count83
\c@subparagraph=\count84
\c@figure=\count85
\c@table=\count86
\abovecaptionskip=\skip41
\belowcaptionskip=\skip42
\bibindent=\dimen102
)
(/usr/share/texmf-texlive/tex/latex/base/inputenc.sty
Package: inputenc 2006/05/05 v1.1b Input encoding file
\inpenc@prehook=\toks14
\inpenc@posthook=\toks15

(/usr/share/texmf-texlive/tex/latex/ucs/utf8x.def
File: utf8x.def 2004/10/17 UCS: Input encoding UTF-8
))
(/usr/share/texmf-texlive/tex/latex/ucs/ucs.sty
Package: ucs 2004/10/17 UCS: Unicode input support

(/usr/share/texmf-texlive/tex/latex/ucs/data/uni-global.def
File: uni-global.def 2004/10/17 UCS: Unicode global data
)
\uc@secondtry=\count87
\uc@combtoks=\toks16
\uc@combtoksb=\toks17
\uc@temptokena=\toks18
)
(/usr/share/texmf-texlive/tex/latex/base/fontenc.sty
Package: fontenc 2005/09/27 v1.99g Standard LaTeX package

(/usr/share/texmf-texlive/tex/latex/base/t1enc.def
File: t1enc.def 2005/09/27 v1.99g Standard LaTeX file
LaTeX Font Info:    Redeclaring font encoding T1 on input line 43.
))
(/usr/share/texmf-texlive/tex/generic/babel/babel.sty
Package: babel 2005/11/23 v3.8h The Babel package

(/usr/share/texmf-texlive/tex/generic/babel/ngermanb.ldf
Language: ngermanb 2004/02/20 v2.6m new German support from the babel system

(/usr/share/texmf-texlive/tex/generic/babel/babel.def
File: babel.def 2005/11/23 v3.8h Babel common definitions
\babel@savecnt=\count88
\U@D=\dimen103
)
\l@naustrian = a dialect from \language\l@ngerman 
Package babel Info: Making " an active character on input line 92.
))
(/usr/share/texmf-texlive/tex/latex/graphics/graphicx.sty
Package: graphicx 1999/02/16 v1.0f Enhanced LaTeX Graphics (DPC,SPQR)

(/usr/share/texmf-texlive/tex/latex/graphics/keyval.sty
Package: keyval 1999/03/16 v1.13 key=value parser (DPC)
\KV@toks@=\toks19
)
(/usr/share/texmf-texlive/tex/latex/graphics/graphics.sty
Package: graphics 2006/02/20 v1.0o Standard LaTeX Graphics (DPC,SPQR)

(/usr/share/texmf-texlive/tex/latex/graphics/trig.sty
Package: trig 1999/03/16 v1.09 sin cos tan (DPC)
)
(/etc/texmf/tex/latex/config/graphics.cfg
File: graphics.cfg 2007/01/18 v1.5 graphics configuration of teTeX/TeXLive
)
Package graphics Info: Driver file: pdftex.def on input line 90.

(/usr/share/texmf-texlive/tex/latex/pdftex-def/pdftex.def
File: pdftex.def 2007/01/08 v0.04d Graphics/color for pdfTeX
\Gread@gobject=\count89
))
\Gin@req@height=\dimen104
\Gin@req@width=\dimen105
)
(/usr/share/texmf-texlive/tex/latex/koma-script/scrpage2.sty
Package: scrpage2 2006/03/29 v2.2c LaTeX2e KOMA-Script package
)
(/usr/share/texmf-texlive/tex/latex/subfigure/subfigure.sty
Package: subfigure 2002/03/15 v2.1.5 subfigure package
\subfigtopskip=\skip43
\subfigcapskip=\skip44
\subfigcaptopadj=\dimen106
\subfigbottomskip=\skip45
\subfigcapmargin=\dimen107
\subfiglabelskip=\skip46
\c@subfigure=\count90
\c@lofdepth=\count91
\c@subtable=\count92
\c@lotdepth=\count93

****************************************
* Local config file subfigure.cfg used *
****************************************
(/usr/share/texmf-texlive/tex/latex/subfigure/subfigure.cfg)
\subfig@top=\skip47
\subfig@bottom=\skip48
)
(/usr/share/texmf-texlive/tex/latex/ae/ae.sty
Package: ae 2001/02/12 1.3 Almost European Computer Modern

(/usr/share/texmf-texlive/tex/latex/base/fontenc.sty
Package: fontenc 2005/09/27 v1.99g Standard LaTeX package

(/usr/share/texmf-texlive/tex/latex/base/t1enc.def
File: t1enc.def 2005/09/27 v1.99g Standard LaTeX file
LaTeX Font Info:    Redeclaring font encoding T1 on input line 43.
)
LaTeX Font Info:    Try loading font information for T1+aer on input line 100.

(/usr/share/texmf-texlive/tex/latex/ae/t1aer.fd
File: t1aer.fd 1997/11/16 Font definitions for T1/aer.
)))
(/usr/share/texmf-texlive/tex/latex/amsmath/amsmath.sty
Package: amsmath 2000/07/18 v2.13 AMS math features
\@mathmargin=\skip49

For additional information on amsmath, use the `?' option.
(/usr/share/texmf-texlive/tex/latex/amsmath/amstext.sty
Package: amstext 2000/06/29 v2.01

(/usr/share/texmf-texlive/tex/latex/amsmath/amsgen.sty
File: amsgen.sty 1999/11/30 v2.0
\@emptytoks=\toks20
\ex@=\dimen108
))
(/usr/share/texmf-texlive/tex/latex/amsmath/amsbsy.sty
Package: amsbsy 1999/11/29 v1.2d
\pmbraise@=\dimen109
)
(/usr/share/texmf-texlive/tex/latex/amsmath/amsopn.sty
Package: amsopn 1999/12/14 v2.01 operator names
)
\inf@bad=\count94
LaTeX Info: Redefining \frac on input line 211.
\uproot@=\count95
\leftroot@=\count96
LaTeX Info: Redefining \overline on input line 307.
\classnum@=\count97
\DOTSCASE@=\count98
LaTeX Info: Redefining \ldots on input line 379.
LaTeX Info: Redefining \dots on input line 382.
LaTeX Info: Redefining \cdots on input line 467.
\Mathstrutbox@=\box26
\strutbox@=\box27
\big@size=\dimen110
LaTeX Font Info:    Redeclaring font encoding OML on input line 567.
LaTeX Font Info:    Redeclaring font encoding OMS on input line 568.
\macc@depth=\count99
\c@MaxMatrixCols=\count100
\dotsspace@=\muskip10
\c@parentequation=\count101
\dspbrk@lvl=\count102
\tag@help=\toks21
\row@=\count103
\column@=\count104
\maxfields@=\count105
\andhelp@=\toks22
\eqnshift@=\dimen111
\alignsep@=\dimen112
\tagshift@=\dimen113
\tagwidth@=\dimen114
\totwidth@=\dimen115
\lineht@=\dimen116
\@envbody=\toks23
\multlinegap=\skip50
\multlinetaggap=\skip51
\mathdisplay@stack=\toks24
LaTeX Info: Redefining \[ on input line 2666.
LaTeX Info: Redefining \] on input line 2667.
)
(/usr/share/texmf-texlive/tex/latex/amsfonts/amsfonts.sty
Package: amsfonts 2001/10/25 v2.2f
\symAMSa=\mathgroup4
\symAMSb=\mathgroup5
LaTeX Font Info:    Overwriting math alphabet `\mathfrak' in version `bold'
(Font)                  U/euf/m/n --> U/euf/b/n on input line 132.
)
(/usr/share/texmf-texlive/tex/latex/ltxmisc/endnotes.sty
\c@endnote=\count106
\endnotesep=\dimen117
\@enotes=\write3
)
(/usr/share/texmf-texlive/tex/latex/ltxmisc/threeparttable.sty
Package: threeparttable 2003/06/13  v 3.0
\@tempboxb=\box28
)
(/usr/share/texmf-texlive/tex/latex/amsfonts/amssymb.sty
Package: amssymb 2002/01/22 v2.2d
)
(/usr/share/texmf-texlive/tex/latex/floatflt/floatflt.sty
Package: floatflt 1997/07/16 v. 1.31
\c@OptionTest=\count107
\figbox=\box29
\tabbox=\box30
\pagebox=\box31
\ffigcount=\count108
\ftabcount=\count109
\fftest=\count110
\hangcount=\count111
\nosuccesstryfig=\count112
\nosuccesstrytab=\count113
\figgutter=\dimen118
\tabgutter=\dimen119
\htdone=\dimen120
\pageht=\dimen121
\startpageht=\dimen122
\tabbredd=\dimen123
\floatfltwidth=\dimen124
\fltitemwidth=\dimen125
\outputpretest=\toks25
)
(/usr/share/texmf-texlive/tex/latex/pdfpages/pdfpages.sty
Package: pdfpages 2006/08/12 v0.4a Insert pages of external PDF documents (AM)

(/usr/share/texmf-texlive/tex/latex/base/ifthen.sty
Package: ifthen 2001/05/26 v1.1c Standard LaTeX ifthen package (DPC)
)
(/usr/share/texmf-texlive/tex/latex/tools/calc.sty
Package: calc 2005/08/06 v4.2 Infix arithmetic (KKT,FJ)
\calc@Acount=\count114
\calc@Bcount=\count115
\calc@Adimen=\dimen126
\calc@Bdimen=\dimen127
\calc@Askip=\skip52
\calc@Bskip=\skip53
LaTeX Info: Redefining \setlength on input line 75.
LaTeX Info: Redefining \addtolength on input line 76.
\calc@Ccount=\count116
\calc@Cskip=\skip54
)
(/usr/share/texmf-texlive/tex/latex/eso-pic/eso-pic.sty
Package: eso-pic 2006/07/14 v1.1d eso-pic (RN)

(/usr/share/texmf-texlive/tex/latex/everyshi/everyshi.sty
Package: everyshi 2001/05/15 v3.00 EveryShipout Package (MS)
))
(/usr/share/texmf-texlive/tex/latex/pdfpages/pppdftex.def
File: pppdftex.def 2006/08/12 v0.4a Pdfpages driver for pdfTeX (AM)
)
\AM@pagebox=\box32
\AM@toc@title=\toks26
\c@AM@survey=\count117
)
(/usr/share/texmf-texlive/tex/latex/listings/listings.sty
\lst@mode=\count118
\lst@gtempboxa=\box33
\lst@token=\toks27
\lst@length=\count119
\lst@currlwidth=\dimen128
\lst@column=\count120
\lst@pos=\count121
\lst@lostspace=\dimen129
\lst@width=\dimen130
\lst@newlines=\count122
\lst@lineno=\count123
\c@lstlisting=\count124
\lst@maxwidth=\dimen131

(/usr/share/texmf-texlive/tex/latex/listings/lstpatch.sty
File: lstpatch.sty 2004/10/17 1.3b (Carsten Heinz)
)
(/usr/share/texmf-texlive/tex/latex/listings/lstmisc.sty
File: lstmisc.sty 2004/09/07 1.3 (Carsten Heinz)
\c@lstnumber=\count125
\lst@skipnumbers=\count126
\lst@framebox=\box34
)
(/usr/share/texmf-texlive/tex/latex/listings/listings.cfg
File: listings.cfg 2004/09/05 1.3 listings configuration
))
Package: listings 2004/10/17 1.3b (Carsten Heinz)

(/usr/share/texmf-texlive/tex/latex/tools/verbatim.sty
Package: verbatim 2003/08/22 v1.5q LaTeX2e package for verbatim enhancements
\every@verbatim=\toks28
\verbatim@line=\toks29
\verbatim@in@stream=\read1
)
(/usr/share/texmf-texlive/tex/latex/blindtext/blindtext.sty
Package: blindtext 2006/11/21 V1.7 blindtext-Package

(/usr/share/texmf-texlive/tex/latex/tools/xspace.sty
Package: xspace 2006/05/08 v1.12 Space after command names (DPC,MH)
)
\c@blindtext=\count127
\c@Blindtext=\count128
\blind@countxx=\count129
\blindtext@numBlindtext=\count130
\blind@countyy=\count131
\c@blindlist=\count132
\c@blindlistlevel=\count133
\c@blindlist@level=\count134
\blind@listitem=\count135
\c@blind@listcount=\count136
\c@blind@levelcount=\count137
)
(/usr/share/texmf/tex/latex/xcolor/xcolor.sty
Package: xcolor 2007/01/21 v2.11 LaTeX color extensions (UK)

(/etc/texmf/tex/latex/config/color.cfg
File: color.cfg 2007/01/18 v1.5 color configuration of teTeX/TeXLive
)
Package xcolor Info: Driver file: pdftex.def on input line 225.
Package xcolor Info: Model `cmy' substituted by `cmy0' on input line 1337.
Package xcolor Info: Model `hsb' substituted by `rgb' on input line 1341.
Package xcolor Info: Model `RGB' extended on input line 1353.
Package xcolor Info: Model `HTML' substituted by `rgb' on input line 1355.
Package xcolor Info: Model `Hsb' substituted by `hsb' on input line 1356.
Package xcolor Info: Model `tHsb' substituted by `hsb' on input line 1357.
Package xcolor Info: Model `HSB' substituted by `hsb' on input line 1358.
Package xcolor Info: Model `Gray' substituted by `gray' on input line 1359.
Package xcolor Info: Model `wave' substituted by `hsb' on input line 1360.
)
(/usr/share/texmf-texlive/tex/latex/hyperref/hyperref.sty
Package: hyperref 2007/02/07 v6.75r Hypertext links for LaTeX
\@linkdim=\dimen132
\Hy@linkcounter=\count138
\Hy@pagecounter=\count139

(/usr/share/texmf-texlive/tex/latex/hyperref/pd1enc.def
File: pd1enc.def 2007/02/07 v6.75r Hyperref: PDFDocEncoding definition (HO)
)
(/etc/texmf/tex/latex/config/hyperref.cfg
File: hyperref.cfg 2002/06/06 v1.2 hyperref configuration of TeXLive
)
(/usr/share/texmf-texlive/tex/latex/oberdiek/kvoptions.sty
Package: kvoptions 2006/08/22 v2.4 Connects package keyval with LaTeX options (
HO)
)
Package hyperref Info: Hyper figures OFF on input line 2288.
Package hyperref Info: Link nesting OFF on input line 2293.
Package hyperref Info: Hyper index ON on input line 2296.
Package hyperref Info: Plain pages OFF on input line 2303.
Package hyperref Info: Backreferencing OFF on input line 2308.

Implicit mode ON; LaTeX internals redefined
Package hyperref Info: Bookmarks ON on input line 2444.
(/usr/share/texmf-texlive/tex/latex/ltxmisc/url.sty
\Urlmuskip=\muskip11
Package: url 2005/06/27  ver 3.2  Verb mode for urls, etc.
)
LaTeX Info: Redefining \url on input line 2599.
\Fld@menulength=\count140
\Field@Width=\dimen133
\Fld@charsize=\dimen134
\Choice@toks=\toks30
\Field@toks=\toks31
Package hyperref Info: Hyper figures OFF on input line 3102.
Package hyperref Info: Link nesting OFF on input line 3107.
Package hyperref Info: Hyper index ON on input line 3110.
Package hyperref Info: backreferencing OFF on input line 3117.
Package hyperref Info: Link coloring OFF on input line 3122.
\Hy@abspage=\count141
\c@Item=\count142
\c@Hfootnote=\count143
)
*hyperref using default driver hpdftex*
(/usr/share/texmf-texlive/tex/latex/hyperref/hpdftex.def
File: hpdftex.def 2007/02/07 v6.75r Hyperref driver for pdfTeX
\Fld@listcount=\count144
)
(/usr/share/texmf-texlive/tex/latex/footmisc/footmisc.sty
Package: footmisc 2005/03/17 v5.3d a miscellany of footnote facilities
\FN@temptoken=\toks32
\footnotemargin=\dimen135


LaTeX Warning: Command \@makecol  has changed.
               Check if current package is valid.


LaTeX Warning: Command \@footnotetext  has changed.
               Check if current package is valid.

\c@pp@next@reset=\count145
Package footmisc Info: Declaring symbol style bringhurst on input line 817.
Package footmisc Info: Declaring symbol style chicago on input line 818.
Package footmisc Info: Declaring symbol style wiley on input line 819.
Package footmisc Info: Declaring symbol style lamport-robust on input line 823.

Package footmisc Info: Declaring symbol style lamport* on input line 831.
Package footmisc Info: Declaring symbol style lamport*-robust on input line 840
.
) (./stud2.aux

LaTeX Warning: Label `du' multiply defined.

)
\openout1 = `stud2.aux'.

LaTeX Font Info:    Checking defaults for OML/cmm/m/it on input line 70.
LaTeX Font Info:    ... okay on input line 70.
LaTeX Font Info:    Checking defaults for T1/cmr/m/n on input line 70.
LaTeX Font Info:    ... okay on input line 70.
LaTeX Font Info:    Checking defaults for OT1/cmr/m/n on input line 70.
LaTeX Font Info:    ... okay on input line 70.
LaTeX Font Info:    Checking defaults for OMS/cmsy/m/n on input line 70.
LaTeX Font Info:    ... okay on input line 70.
LaTeX Font Info:    Checking defaults for OMX/cmex/m/n on input line 70.
LaTeX Font Info:    ... okay on input line 70.
LaTeX Font Info:    Checking defaults for U/cmr/m/n on input line 70.
LaTeX Font Info:    ... okay on input line 70.
LaTeX Font Info:    Checking defaults for PD1/pdf/m/n on input line 70.
LaTeX Font Info:    ... okay on input line 70.
 (/usr/share/texmf-texlive/tex/latex/ucs/ucsencs.def
File: ucsencs.def 2003/11/29 Fixes to fontencodings LGR, T3
)
(/usr/share/texmf/tex/context/base/supp-pdf.tex
[Loading MPS to PDF converter (version 2006.09.02).]
\scratchcounter=\count146
\scratchdimen=\dimen136
\scratchbox=\box35
\nofMPsegments=\count147
\nofMParguments=\count148
\everyMPshowfont=\toks33
\MPscratchCnt=\count149
\MPscratchDim=\dimen137
\MPnumerator=\count150
\everyMPtoPDFconversion=\toks34
) ABD: EveryShipout initializing macros
Package hyperref Info: Link coloring OFF on input line 70.

(/usr/share/texmf-texlive/tex/latex/hyperref/nameref.sty
Package: nameref 2006/12/27 v2.28 Cross-referencing by name of section

(/usr/share/texmf-texlive/tex/latex/oberdiek/refcount.sty
Package: refcount 2006/02/20 v3.0 Data extraction from references (HO)
)
\c@section@level=\count151
)
LaTeX Info: Redefining \ref on input line 70.
LaTeX Info: Redefining \pageref on input line 70.
 (./stud2.out)
(./stud2.out)
\@outlinefile=\write4
\openout4 = `stud2.out'.

 <Titelblatt.pdf, id=77, page=1, 597.23125pt x 845.1575pt>
File: Titelblatt.pdf Graphic file (type pdf)

<use Titelblatt.pdf, page 1>
File: Titelblatt.pdf Graphic file (type pdf)
 <use Titelblatt.pdf, page 1>
File: Titelblatt.pdf Graphic file (type pdf)

<use Titelblatt.pdf, page 1>
File: Titelblatt.pdf Graphic file (type pdf)
 <use Titelblatt.pdf, page 1>
File: Titelblatt.pdf Graphic file (type pdf)

<use Titelblatt.pdf, page 1> [1

 <./Titelblatt.pdf

pdfTeX warning: pdflatex (file ./Titelblatt.pdf): PDF inclusion: Page Group det
ected which pdfTeX can't handle. Ignoring it.
>] (./stud2.toc
LaTeX Font Info:    Try loading font information for U+msa on input line 2.
 (/usr/share/texmf-texlive/tex/latex/amsfonts/umsa.fd
File: umsa.fd 2002/01/19 v2.2g AMS font definitions
)
LaTeX Font Info:    Try loading font information for U+msb on input line 2.

(/usr/share/texmf-texlive/tex/latex/amsfonts/umsb.fd
File: umsb.fd 2002/01/19 v2.2g AMS font definitions
))
\tf@toc=\write5
\openout5 = `stud2.toc'.

 [2{/var/lib/texmf/fonts/map/pdftex/updmap/pdftex.map}] (./tex/preamble.tex
(/usr/share/texmf-texlive/tex/latex/ucs/data/uni-0.def
File: uni-0.def 2004/10/17 UCS: Unicode data U+0000..U+00FF
) [3])
(./tex/einleitung.tex) <bilder/dhbw.png, id=128, 130.4875pt x 63.23625pt>
File: bilder/dhbw.png Graphic file (type png)

<use bilder/dhbw.png>
Overfull \vbox (0.82524pt too high) has occurred while \output is active []


[4 <./bilder/dhbw.png>] (./tex/aufgabenstellung.tex)
File: bilder/dhbw.png Graphic file (type png)
 <use bilder/dhbw.png>
Overfull \vbox (0.82524pt too high) has occurred while \output is active []


[5] (./tex/architektur.tex
<bilder/master.png, id=138, 254.6313pt x 285.2256pt>
File: bilder/master.png Graphic file (type png)
 <use bilder/master.png>
File: bilder/dhbw.png Graphic file (type png)

<use bilder/dhbw.png>
Overfull \vbox (0.82524pt too high) has occurred while \output is active []


[6 <./bilder/master.png>]
LaTeX Font Info:    Try loading font information for OMS+aer on input line 17.
 (/usr/share/texmf-texlive/tex/latex/ae/omsaer.fd
File: omsaer.fd 1999/12/27
)
LaTeX Font Info:    Font shape `OMS/aer/m/n' in size <12> not available
(Font)              Font shape `OMS/cmsy/m/n' tried instead on input line 17.
LaTeX Font Info:    Try loading font information for T1+aett on input line 17.

(/usr/share/texmf-texlive/tex/latex/ae/t1aett.fd
File: t1aett.fd 1997/11/16 Font definitions for T1/aett.
)
Overfull \hbox (4.24pt too wide) in paragraph at lines 18--19
[]\T1/aer/m/n/12 ^^R\T1/aett/m/n/12 munin-limits\T1/aer/m/n/12 ^^P ver-gleicht 
die Mess-wer-te mit ggf. vor-ge-ge-be-nen Schwell-
 []


Overfull \hbox (14.02473pt too wide) in paragraph at lines 20--21
[]\T1/aer/m/n/12 ^^R\T1/aett/m/n/12 munin-html\T1/aer/m/n/12 ^^P dient zum Er-s
tel-len der HTML-Seiten der Munin-Übersicht. 
 []

(./tex/daten.tex
File: bilder/dhbw.png Graphic file (type png)
 <use bilder/dhbw.png>
Overfull \vbox (0.82524pt too high) has occurred while \output is active []


[7] (/usr/share/texmf-texlive/tex/latex/listings/lstlang1.sty
File: lstlang1.sty 2004/09/05 1.3 listings language file
)
(/usr/share/texmf-texlive/tex/latex/listings/lstlang1.sty
File: lstlang1.sty 2004/09/05 1.3 listings language file
)
(/usr/share/texmf-texlive/tex/latex/ucs/utf8x.def
File: utf8x.def 2004/10/17 UCS: Input encoding UTF-8
)
File: bilder/dhbw.png Graphic file (type png)
 <use bilder/dhbw.png>
Overfull \vbox (0.82524pt too high) has occurred while \output is active []


[8] <bilder/df-munin.png, id=180, 258.9675pt x 126.4725pt>
File: bilder/df-munin.png Graphic file (type png)

<use bilder/df-munin.png>
File: bilder/dhbw.png Graphic file (type png)
 <use bilder/dhbw.png>
Overfull \vbox (0.82524pt too high) has occurred while \output is active []


[9 <./bilder/df-munin.png (PNG copy)>]
<bilder/df.png, id=186, 582.175pt x 140.525pt>
File: bilder/df.png Graphic file (type png)
 <use bilder/df.png>
<bilder/df-graph.png, id=187, 496.85625pt x 349.305pt>
File: bilder/df-graph.png Graphic file (type png)

<use bilder/df-graph.png>
File: bilder/dhbw.png Graphic file (type png)
 <use bilder/dhbw.png>
Overfull \vbox (0.82524pt too high) has occurred while \output is active []


[10 <./bilder/df.png (PNG copy)> <./bilder/df-graph.png (PNG copy)>]
! Undefined control sequence.
<recently read> \bottomrule 
                            
l.94 \bottomrule
                
The control sequence at the end of the top line
of your error message was never \def'ed. If you have
misspelled it (e.g., `\hobx'), type `I' and the correct
spelling (e.g., `I\hbox'). Otherwise just continue,
and I'll forget about whatever was undefined.

<bilder/4times.png, id=198, 997.7275pt x 562.1pt>
File: bilder/4times.png Graphic file (type png)
 <use bilder/4times.png>)
(./tex/rrd.tex
File: bilder/dhbw.png Graphic file (type png)
 <use bilder/dhbw.png>
Overfull \vbox (0.82524pt too high) has occurred while \output is active []


[11 <./bilder/4times.png (PNG copy)>]
<bilder/rrd.png, id=207, 245.2362pt x 162.8484pt>
File: bilder/rrd.png Graphic file (type png)
 <use bilder/rrd.png>
File: bilder/dhbw.png Graphic file (type png)

<use bilder/dhbw.png>
Overfull \vbox (0.82524pt too high) has occurred while \output is active []


[12 <./bilder/rrd.png>] <bilder/all4.png, id=218, 997.7275pt x 562.1pt>
File: bilder/all4.png Graphic file (type png)

<use bilder/all4.png>) (./tex/plugins.tex
File: bilder/dhbw.png Graphic file (type png)
 <use bilder/dhbw.png>
Overfull \vbox (0.82524pt too high) has occurred while \output is active []


[13 <./bilder/all4.png (PNG copy)>]
<bilder/gap.png, id=226, 496.85625pt x 337.26pt>
File: bilder/gap.png Graphic file (type png)
 <use bilder/gap.png>
File: bilder/dhbw.png Graphic file (type png)

<use bilder/dhbw.png>
Overfull \vbox (0.82524pt too high) has occurred while \output is active []


[14 <./bilder/gap.png (PNG copy)>]
<bilder/lns.png, id=233, 554.07pt x 13.04875pt>
File: bilder/lns.png Graphic file (type png)
 <use bilder/lns.png>
<bilder/lnw.png, id=234, 596.2275pt x 13.04875pt>
File: bilder/lnw.png Graphic file (type png)
 <use bilder/lnw.png>
File: bilder/dhbw.png Graphic file (type png)

<use bilder/dhbw.png>
Overfull \vbox (0.82524pt too high) has occurred while \output is active []


[15 <./bilder/lns.png> <./bilder/lnw.png>]
Overfull \hbox (39.04146pt too wide) in paragraph at lines 58--58
[]\T1/aer/m/n/12 ^^RDie Ma-na-ge-ment In-for-ma-ti-on Ba-se (MIB) dient als SNM
P-Informations-
 []

<bilder/mib.png, id=244, 310.2792pt x 151.767pt>
File: bilder/mib.png Graphic file (type png)
 <use bilder/mib.png>
File: bilder/dhbw.png Graphic file (type png)

<use bilder/dhbw.png>
Overfull \vbox (0.82524pt too high) has occurred while \output is active []


[16 <./bilder/mib.png>] <bilder/snmp.png, id=256, 222.1098pt x 119.7273pt>
File: bilder/snmp.png Graphic file (type png)

<use bilder/snmp.png>
<bilder/snmp-simple.png, id=259, 659.46375pt x 13.04875pt>
File: bilder/snmp-simple.png Graphic file (type png)

<use bilder/snmp-simple.png>
<bilder/snmp-complex.png, id=260, 737.75626pt x 15.05624pt>
File: bilder/snmp-complex.png Graphic file (type png)

<use bilder/snmp-complex.png>
File: bilder/dhbw.png Graphic file (type png)
 <use bilder/dhbw.png>
Overfull \vbox (0.82524pt too high) has occurred while \output is active []


[17 <./bilder/snmp.png> <./bilder/snmp-simple.png> <./bilder/snmp-complex.png (
PNG copy)>]))
File: bilder/dhbw.png Graphic file (type png)
 <use bilder/dhbw.png>
Overfull \vbox (0.82524pt too high) has occurred while \output is active []


[18] (./tex/umsetzung.tex <bilder/ootb.png, id=276, 378.41376pt x 256.96pt>
File: bilder/ootb.png Graphic file (type png)

<use bilder/ootb.png>
File: bilder/dhbw.png Graphic file (type png)
 <use bilder/dhbw.png>
Overfull \vbox (0.82524pt too high) has occurred while \output is active []


[19 <./bilder/ootb.png (PNG copy)>]
<bilder/suggest.png, id=284, 693.59125pt x 448.67625pt>
File: bilder/suggest.png Graphic file (type png)

<use bilder/suggest.png>
File: bilder/dhbw.png Graphic file (type png)
 <use bilder/dhbw.png>
Overfull \vbox (0.82524pt too high) has occurred while \output is active []


[20 <./bilder/suggest.png (PNG copy)>]
<bilder/du1.png, id=291, 266.9975pt x 83.31125pt>
File: bilder/du1.png Graphic file (type png)
 <use bilder/du1.png>
File: bilder/dhbw.png Graphic file (type png)

<use bilder/dhbw.png>
Overfull \vbox (0.82524pt too high) has occurred while \output is active []


[21 <./bilder/du1.png (PNG copy)>]
(/usr/share/texmf-texlive/tex/latex/ucs/utf8x.def
File: utf8x.def 2004/10/17 UCS: Input encoding UTF-8
)
<bilder/du2.png, id=299, 483.8075pt x 41.15375pt>
File: bilder/du2.png Graphic file (type png)
 <use bilder/du2.png>
File: bilder/dhbw.png Graphic file (type png)

<use bilder/dhbw.png>
Overfull \vbox (0.82524pt too high) has occurred while \output is active []


[22 <./bilder/du2.png (PNG copy)>]
(/usr/share/texmf-texlive/tex/latex/ucs/utf8x.def
File: utf8x.def 2004/10/17 UCS: Input encoding UTF-8
)
File: bilder/dhbw.png Graphic file (type png)
 <use bilder/dhbw.png>
Overfull \vbox (0.82524pt too high) has occurred while \output is active []


[23] <bilder/du-graph.png, id=345, 496.85625pt x 277.035pt>
File: bilder/du-graph.png Graphic file (type png)

<use bilder/du-graph.png>)
File: bilder/dhbw.png Graphic file (type png)
 <use bilder/dhbw.png>
Overfull \vbox (0.82524pt too high) has occurred while \output is active []


[24 <./bilder/du-graph.png (PNG copy)>] (./tex/nagios.tex
Overfull \hbox (9.2282pt too wide) in paragraph at lines 17--20
[]\T1/aer/m/n/12 Dabei wird, an-statt der Alar-mie-rung durch Emails, ein pas-s
i-ves Check-Ergebnis
 []

File: bilder/dhbw.png Graphic file (type png)
<use bilder/dhbw.png>
Overfull \vbox (0.82524pt too high) has occurred while \output is active []


[25] <bilder/nsca.png, id=363, 584.1825pt x 321.2pt>
File: bilder/nsca.png Graphic file (type png)
 <use bilder/nsca.png>
Overfull \hbox (7.91895pt too wide) in paragraph at lines 33--34
[]\T1/aer/m/n/12 Bei ei-ner Über-schrei-tung wird, an-statt ei-ner Email, das T
ool ^^R\T1/aett/m/n/12 send_nsca\T1/aer/m/n/12 ^^P
 []

File: bilder/dhbw.png Graphic file (type png)
<use bilder/dhbw.png>
Overfull \vbox (0.82524pt too high) has occurred while \output is active []


[26 <./bilder/nsca.png (PNG copy)>]
<bilder/nagiosgraph.png, id=374, 476.78125pt x 196.735pt>
File: bilder/nagiosgraph.png Graphic file (type png)

<use bilder/nagiosgraph.png>
<bilder/drraw.png, id=375, 683.55376pt x 334.24875pt>
File: bilder/drraw.png Graphic file (type png)
 <use bilder/drraw.png>
File: bilder/dhbw.png Graphic file (type png)

<use bilder/dhbw.png>
Overfull \vbox (0.82524pt too high) has occurred while \output is active []


[27 <./bilder/nagiosgraph.png> <./bilder/drraw.png>]
<bilder/nagios.png, id=384, 820.06375pt x 344.28625pt>
File: bilder/nagios.png Graphic file (type png)
 <use bilder/nagios.png>
<bilder/perf2rdd.png, id=385, 501.875pt x 135.50626pt>
File: bilder/perf2rdd.png Graphic file (type png)

<use bilder/perf2rdd.png>)
File: bilder/dhbw.png Graphic file (type png)
 <use bilder/dhbw.png>
Overfull \vbox (0.82524pt too high) has occurred while \output is active []


[28 <./bilder/nagios.png> <./bilder/perf2rdd.png (PNG copy)>]
(./tex/ausblick.tex)
File: bilder/dhbw.png Graphic file (type png)
 <use bilder/dhbw.png>
Overfull \vbox (0.82524pt too high) has occurred while \output is active []


[29] (./stud2.lof)
\tf@lof=\write6
\openout6 = `stud2.lof'.

File: bilder/dhbw.png Graphic file (type png)
 <use bilder/dhbw.png>
Overfull \vbox (0.82524pt too high) has occurred while \output is active []


[30] (./stud2.lot)
\tf@lot=\write7
\openout7 = `stud2.lot'.

File: bilder/dhbw.png Graphic file (type png)
 <use bilder/dhbw.png>
Overfull \vbox (0.82524pt too high) has occurred while \output is active []


[31] (./stud2.lol)
\tf@lol=\write8
\openout8 = `stud2.lol'.

File: bilder/dhbw.png Graphic file (type png)
 <use bilder/dhbw.png>
Overfull \vbox (0.82524pt too high) has occurred while \output is active []


[32]
Underfull \hbox (badness 10000) in paragraph at lines 106--107

 []


Underfull \hbox (badness 10000) in paragraph at lines 108--110

 []


Underfull \hbox (badness 3078) in paragraph at lines 111--112
[]\T1/aer/m/n/12 Wolfgang Barth (2008) ^^RNa-gi-os - System- und Netzwerk-
 []


Underfull \hbox (badness 10000) in paragraph at lines 111--112

 []

File: bilder/dhbw.png Graphic file (type png)
<use bilder/dhbw.png>
Overfull \vbox (0.82524pt too high) has occurred while \output is active []


[33] (./stud2.aux)

LaTeX Warning: There were multiply-defined labels.

 ) 
Here is how much of TeX's memory you used:
 8890 strings out of 94074
 119410 string characters out of 1165153
 230557 words of memory out of 1500000
 11751 multiletter control sequences out of 10000+50000
 40215 words of font info for 88 fonts, out of 1200000 for 2000
 645 hyphenation exceptions out of 8191
 36i,16n,51p,516b,1493s stack positions out of 5000i,500n,6000p,200000b,5000s
pdfTeX warning (dest): name{Hfootnote.7} has been referenced but does not exi
st, replaced by a fixed one

pdfTeX warning (dest): name{Hfootnote.6} has been referenced but does not exist
, replaced by a fixed one

pdfTeX warning (dest): name{Hfootnote.5} has been referenced but does not exist
, replaced by a fixed one

pdfTeX warning (dest): name{Hfootnote.4} has been referenced but does not exist
, replaced by a fixed one

pdfTeX warning (dest): name{Hfootnote.3} has been referenced but does not exist
, replaced by a fixed one

pdfTeX warning (dest): name{Hfootnote.2} has been referenced but does not exist
, replaced by a fixed one

pdfTeX warning (dest): name{Hfootnote.1} has been referenced but does not exist
, replaced by a fixed one

</usr/share/texmf-texlive/fonts/type1/bluesky/cm/cmbx12.pfb></usr/share/texmf-t
exlive/fonts/type1/bluesky/cm/cmr10.pfb></usr/share/texmf-texlive/fonts/type1/b
luesky/cm/cmr12.pfb></usr/share/texmf-texlive/fonts/type1/bluesky/cm/cmr7.pfb><
/usr/share/texmf-texlive/fonts/type1/bluesky/cm/cmr8.pfb></usr/share/texmf-texl
ive/fonts/type1/bluesky/cm/cmsl12.pfb></usr/share/texmf-texlive/fonts/type1/blu
esky/cm/cmsy10.pfb></usr/share/texmf-texlive/fonts/type1/bluesky/cm/cmti12.pfb>
</usr/share/texmf-texlive/fonts/type1/bluesky/cm/cmtt12.pfb></usr/share/texmf-t
exlive/fonts/type1/bluesky/cm/cmtt8.pfb>
Output written on stud2.pdf (33 pages, 2548490 bytes).
PDF statistics:
 514 PDF objects out of 1000 (max. 8388607)
 151 named destinations out of 1000 (max. 131072)
 293 words of extra memory for PDF output out of 10000 (max. 10000000)

